<?xml version="1.0" encoding="UTF-8"?>
<testng-results ignored="0" total="1" passed="1" failed="0" skipped="0">
  <reporter-output>
    <line>
      <![CDATA[TC01 Passed]]>
    </line>
  </reporter-output>
  <suite started-at="2022-03-08T12:41:09 IST" name="Default suite" finished-at="2022-03-08T12:41:09 IST" duration-ms="141">
    <groups>
    </groups>
    <test started-at="2022-03-08T12:41:09 IST" name="Default test" finished-at="2022-03-08T12:41:09 IST" duration-ms="141">
      <class name="loginTC.TC01_Login">
        <test-method signature="TC01()[pri:0, instance:loginTC.TC01_Login@4f209819]" started-at="2022-03-08T12:41:09 IST" name="TC01" finished-at="2022-03-08T12:41:09 IST" duration-ms="26" status="PASS">
          <reporter-output>
            <line>
              <![CDATA[TC01 Passed]]>
            </line>
          </reporter-output>
        </test-method> <!-- TC01 -->
      </class> <!-- loginTC.TC01_Login -->
    </test> <!-- Default test -->
  </suite> <!-- Default suite -->
</testng-results>
